[2026-07-20T18:01:37.201Z] Error 💥: Error: Can't find /api/rooms on this server!
    at file:///C:/Users/LENOVO/Pictures/OneDrive/Advanced%20Projects/OwlSync/apps/api/src/server.js:32:8
    at Layer.handle [as handle_request] (C:\Users\LENOVO\Pictures\OneDrive\Advanced Projects\OwlSync\node_modules\express\lib\router\layer.js:95:5)
    at next (C:\Users\LENOVO\Pictures\OneDrive\Advanced Projects\OwlSync\node_modules\express\lib\router\route.js:149:13)
    at next (C:\Users\LENOVO\Pictures\OneDrive\Advanced Projects\OwlSync\node_modules\express\lib\router\route.js:145:7)
    at next (C:\Users\LENOVO\Pictures\OneDrive\Advanced Projects\OwlSync\node_modules\express\lib\router\route.js:145:7)
    at next (C:\Users\LENOVO\Pictures\OneDrive\Advanced Projects\OwlSync\node_modules\express\lib\router\route.js:145:7)
    at next (C:\Users\LENOVO\Pictures\OneDrive\Advanced Projects\OwlSync\node_modules\express\lib\router\route.js:145:7)
    at next (C:\Users\LENOVO\Pictures\OneDrive\Advanced Projects\OwlSync\node_modules\express\lib\router\route.js:145:7)
    at next (C:\Users\LENOVO\Pictures\OneDrive\Advanced Projects\OwlSync\node_modules\express\lib\router\route.js:145:7)
    at Route.dispatch (C:\Users\LENOVO\Pictures\OneDrive\Advanced Projects\OwlSync\node_modules\express\lib\router\route.js:119:3)
[2026-07-20T18:01:37.215Z] Error 💥: Error: Can't find /api/rooms on this server!
    at file:///C:/Users/LENOVO/Pictures/OneDrive/Advanced%20Projects/OwlSync/apps/api/src/server.js:32:8
    at Layer.handle [as handle_request] (C:\Users\LENOVO\Pictures\OneDrive\Advanced Projects\OwlSync\node_modules\express\lib\router\layer.js:95:5)
    at next (C:\Users\LENOVO\Pictures\OneDrive\Advanced Projects\OwlSync\node_modules\express\lib\router\route.js:149:13)
    at next (C:\Users\LENOVO\Pictures\OneDrive\Advanced Projects\OwlSync\node_modules\express\lib\router\route.js:145:7)
    at next (C:\Users\LENOVO\Pictures\OneDrive\Advanced Projects\OwlSync\node_modules\express\lib\router\route.js:145:7)
    at next (C:\Users\LENOVO\Pictures\OneDrive\Advanced Projects\OwlSync\node_modules\express\lib\router\route.js:145:7)
    at next (C:\Users\LENOVO\Pictures\OneDrive\Advanced Projects\OwlSync\node_modules\express\lib\router\route.js:145:7)
    at next (C:\Users\LENOVO\Pictures\OneDrive\Advanced Projects\OwlSync\node_modules\express\lib\router\route.js:145:7)
    at next (C:\Users\LENOVO\Pictures\OneDrive\Advanced Projects\OwlSync\node_modules\express\lib\router\route.js:145:7)
    at Route.dispatch (C:\Users\LENOVO\Pictures\OneDrive\Advanced Projects\OwlSync\node_modules\express\lib\router\route.js:119:3)
[2026-07-20T18:08:27.521Z] Error 💥: Error: Can't find /api/rooms on this server!
    at file:///C:/Users/LENOVO/Pictures/OneDrive/Advanced%20Projects/OwlSync/apps/api/src/server.js:32:8
    at Layer.handle [as handle_request] (C:\Users\LENOVO\Pictures\OneDrive\Advanced Projects\OwlSync\node_modules\express\lib\router\layer.js:95:5)
    at next (C:\Users\LENOVO\Pictures\OneDrive\Advanced Projects\OwlSync\node_modules\express\lib\router\route.js:149:13)
    at next (C:\Users\LENOVO\Pictures\OneDrive\Advanced Projects\OwlSync\node_modules\express\lib\router\route.js:145:7)
    at next (C:\Users\LENOVO\Pictures\OneDrive\Advanced Projects\OwlSync\node_modules\express\lib\router\route.js:145:7)
    at next (C:\Users\LENOVO\Pictures\OneDrive\Advanced Projects\OwlSync\node_modules\express\lib\router\route.js:145:7)
    at next (C:\Users\LENOVO\Pictures\OneDrive\Advanced Projects\OwlSync\node_modules\express\lib\router\route.js:145:7)
    at next (C:\Users\LENOVO\Pictures\OneDrive\Advanced Projects\OwlSync\node_modules\express\lib\router\route.js:145:7)
    at next (C:\Users\LENOVO\Pictures\OneDrive\Advanced Projects\OwlSync\node_modules\express\lib\router\route.js:145:7)
    at Route.dispatch (C:\Users\LENOVO\Pictures\OneDrive\Advanced Projects\OwlSync\node_modules\express\lib\router\route.js:119:3)
[2026-07-20T18:08:27.536Z] Error 💥: Error: Can't find /api/rooms on this server!
    at file:///C:/Users/LENOVO/Pictures/OneDrive/Advanced%20Projects/OwlSync/apps/api/src/server.js:32:8
    at Layer.handle [as handle_request] (C:\Users\LENOVO\Pictures\OneDrive\Advanced Projects\OwlSync\node_modules\express\lib\router\layer.js:95:5)
    at next (C:\Users\LENOVO\Pictures\OneDrive\Advanced Projects\OwlSync\node_modules\express\lib\router\route.js:149:13)
    at next (C:\Users\LENOVO\Pictures\OneDrive\Advanced Projects\OwlSync\node_modules\express\lib\router\route.js:145:7)
    at next (C:\Users\LENOVO\Pictures\OneDrive\Advanced Projects\OwlSync\node_modules\express\lib\router\route.js:145:7)
    at next (C:\Users\LENOVO\Pictures\OneDrive\Advanced Projects\OwlSync\node_modules\express\lib\router\route.js:145:7)
    at next (C:\Users\LENOVO\Pictures\OneDrive\Advanced Projects\OwlSync\node_modules\express\lib\router\route.js:145:7)
    at next (C:\Users\LENOVO\Pictures\OneDrive\Advanced Projects\OwlSync\node_modules\express\lib\router\route.js:145:7)
    at next (C:\Users\LENOVO\Pictures\OneDrive\Advanced Projects\OwlSync\node_modules\express\lib\router\route.js:145:7)
    at Route.dispatch (C:\Users\LENOVO\Pictures\OneDrive\Advanced Projects\OwlSync\node_modules\express\lib\router\route.js:119:3)
[2026-07-20T18:10:54.603Z] Error 💥: Error: Can't find /api/rooms on this server!
    at file:///C:/Users/LENOVO/Pictures/OneDrive/Advanced%20Projects/OwlSync/apps/api/src/server.js:32:8
    at Layer.handle [as handle_request] (C:\Users\LENOVO\Pictures\OneDrive\Advanced Projects\OwlSync\node_modules\express\lib\router\layer.js:95:5)
    at next (C:\Users\LENOVO\Pictures\OneDrive\Advanced Projects\OwlSync\node_modules\express\lib\router\route.js:149:13)
    at next (C:\Users\LENOVO\Pictures\OneDrive\Advanced Projects\OwlSync\node_modules\express\lib\router\route.js:145:7)
    at next (C:\Users\LENOVO\Pictures\OneDrive\Advanced Projects\OwlSync\node_modules\express\lib\router\route.js:145:7)
    at next (C:\Users\LENOVO\Pictures\OneDrive\Advanced Projects\OwlSync\node_modules\express\lib\router\route.js:145:7)
    at next (C:\Users\LENOVO\Pictures\OneDrive\Advanced Projects\OwlSync\node_modules\express\lib\router\route.js:145:7)
    at next (C:\Users\LENOVO\Pictures\OneDrive\Advanced Projects\OwlSync\node_modules\express\lib\router\route.js:145:7)
    at next (C:\Users\LENOVO\Pictures\OneDrive\Advanced Projects\OwlSync\node_modules\express\lib\router\route.js:145:7)
    at Route.dispatch (C:\Users\LENOVO\Pictures\OneDrive\Advanced Projects\OwlSync\node_modules\express\lib\router\route.js:119:3)
[2026-07-20T18:10:54.642Z] Error 💥: Error: Can't find /api/rooms on this server!
    at file:///C:/Users/LENOVO/Pictures/OneDrive/Advanced%20Projects/OwlSync/apps/api/src/server.js:32:8
    at Layer.handle [as handle_request] (C:\Users\LENOVO\Pictures\OneDrive\Advanced Projects\OwlSync\node_modules\express\lib\router\layer.js:95:5)
    at next (C:\Users\LENOVO\Pictures\OneDrive\Advanced Projects\OwlSync\node_modules\express\lib\router\route.js:149:13)
    at next (C:\Users\LENOVO\Pictures\OneDrive\Advanced Projects\OwlSync\node_modules\express\lib\router\route.js:145:7)
    at next (C:\Users\LENOVO\Pictures\OneDrive\Advanced Projects\OwlSync\node_modules\express\lib\router\route.js:145:7)
    at next (C:\Users\LENOVO\Pictures\OneDrive\Advanced Projects\OwlSync\node_modules\express\lib\router\route.js:145:7)
    at next (C:\Users\LENOVO\Pictures\OneDrive\Advanced Projects\OwlSync\node_modules\express\lib\router\route.js:145:7)
    at next (C:\Users\LENOVO\Pictures\OneDrive\Advanced Projects\OwlSync\node_modules\express\lib\router\route.js:145:7)
    at next (C:\Users\LENOVO\Pictures\OneDrive\Advanced Projects\OwlSync\node_modules\express\lib\router\route.js:145:7)
    at Route.dispatch (C:\Users\LENOVO\Pictures\OneDrive\Advanced Projects\OwlSync\node_modules\express\lib\router\route.js:119:3)
[2026-07-20T18:11:07.404Z] Error 💥: Error: Can't find /api/rooms on this server!
    at file:///C:/Users/LENOVO/Pictures/OneDrive/Advanced%20Projects/OwlSync/apps/api/src/server.js:32:8
    at Layer.handle [as handle_request] (C:\Users\LENOVO\Pictures\OneDrive\Advanced Projects\OwlSync\node_modules\express\lib\router\layer.js:95:5)
    at next (C:\Users\LENOVO\Pictures\OneDrive\Advanced Projects\OwlSync\node_modules\express\lib\router\route.js:149:13)
    at next (C:\Users\LENOVO\Pictures\OneDrive\Advanced Projects\OwlSync\node_modules\express\lib\router\route.js:145:7)
    at next (C:\Users\LENOVO\Pictures\OneDrive\Advanced Projects\OwlSync\node_modules\express\lib\router\route.js:145:7)
    at next (C:\Users\LENOVO\Pictures\OneDrive\Advanced Projects\OwlSync\node_modules\express\lib\router\route.js:145:7)
    at next (C:\Users\LENOVO\Pictures\OneDrive\Advanced Projects\OwlSync\node_modules\express\lib\router\route.js:145:7)
    at next (C:\Users\LENOVO\Pictures\OneDrive\Advanced Projects\OwlSync\node_modules\express\lib\router\route.js:145:7)
    at next (C:\Users\LENOVO\Pictures\OneDrive\Advanced Projects\OwlSync\node_modules\express\lib\router\route.js:145:7)
    at next (C:\Users\LENOVO\Pictures\OneDrive\Advanced Projects\OwlSync\node_modules\express\lib\router\route.js:145:7)
[2026-07-20T18:18:22.816Z] Error 💥: Error: Invalid token. Please log in again.
    at requireAuth (file:///C:/Users/LENOVO/Pictures/OneDrive/Advanced%20Projects/OwlSync/apps/api/src/middlewares/requireAuth.js:20:13)
    at Layer.handle [as handle_request] (C:\Users\LENOVO\Pictures\OneDrive\Advanced Projects\OwlSync\node_modules\express\lib\router\layer.js:95:5)
    at trim_prefix (C:\Users\LENOVO\Pictures\OneDrive\Advanced Projects\OwlSync\node_modules\express\lib\router\index.js:328:13)
    at C:\Users\LENOVO\Pictures\OneDrive\Advanced Projects\OwlSync\node_modules\express\lib\router\index.js:286:9
    at Function.process_params (C:\Users\LENOVO\Pictures\OneDrive\Advanced Projects\OwlSync\node_modules\express\lib\router\index.js:346:12)
    at next (C:\Users\LENOVO\Pictures\OneDrive\Advanced Projects\OwlSync\node_modules\express\lib\router\index.js:280:10)
    at Function.handle (C:\Users\LENOVO\Pictures\OneDrive\Advanced Projects\OwlSync\node_modules\express\lib\router\index.js:175:3)
    at router (C:\Users\LENOVO\Pictures\OneDrive\Advanced Projects\OwlSync\node_modules\express\lib\router\index.js:47:12)
    at Layer.handle [as handle_request] (C:\Users\LENOVO\Pictures\OneDrive\Advanced Projects\OwlSync\node_modules\express\lib\router\layer.js:95:5)
    at trim_prefix (C:\Users\LENOVO\Pictures\OneDrive\Advanced Projects\OwlSync\node_modules\express\lib\router\index.js:328:13)
[2026-07-20T18:18:22.840Z] Error 💥: Error: Invalid token. Please log in again.
    at requireAuth (file:///C:/Users/LENOVO/Pictures/OneDrive/Advanced%20Projects/OwlSync/apps/api/src/middlewares/requireAuth.js:20:13)
    at Layer.handle [as handle_request] (C:\Users\LENOVO\Pictures\OneDrive\Advanced Projects\OwlSync\node_modules\express\lib\router\layer.js:95:5)
    at trim_prefix (C:\Users\LENOVO\Pictures\OneDrive\Advanced Projects\OwlSync\node_modules\express\lib\router\index.js:328:13)
    at C:\Users\LENOVO\Pictures\OneDrive\Advanced Projects\OwlSync\node_modules\express\lib\router\index.js:286:9
    at Function.process_params (C:\Users\LENOVO\Pictures\OneDrive\Advanced Projects\OwlSync\node_modules\express\lib\router\index.js:346:12)
    at next (C:\Users\LENOVO\Pictures\OneDrive\Advanced Projects\OwlSync\node_modules\express\lib\router\index.js:280:10)
    at Function.handle (C:\Users\LENOVO\Pictures\OneDrive\Advanced Projects\OwlSync\node_modules\express\lib\router\index.js:175:3)
    at router (C:\Users\LENOVO\Pictures\OneDrive\Advanced Projects\OwlSync\node_modules\express\lib\router\index.js:47:12)
    at Layer.handle [as handle_request] (C:\Users\LENOVO\Pictures\OneDrive\Advanced Projects\OwlSync\node_modules\express\lib\router\layer.js:95:5)
    at trim_prefix (C:\Users\LENOVO\Pictures\OneDrive\Advanced Projects\OwlSync\node_modules\express\lib\router\index.js:328:13)
